# JRE version: OpenJDK Runtime Environment Temurin-17.0.7+7 (17.0.7+7) (build 17.0.7+7)
# Java VM: OpenJDK 64-Bit Server VM Temurin-17.0.7+7 (17.0.7+7, mixed mode, tiered, compressed oops, compressed class ptrs, g1 gc, windows-amd64)
GC Precious Log:
 CPUs: 12 total, 12 available
 Memory: 6005M
 Large Page Support: Disabled
 NUMA Support: Disabled
 Compressed Oops: Enabled (32-bit)
 Heap Region Size: 1M
 Heap Min Capacity: 8M
 Heap Initial Capacity: 94M
 Heap Max Capacity: 2G
 Pre-touch: Disabled
 Parallel Workers: 10
 Concurrent Workers: 3
 Concurrent Refinement Workers: 10
 Periodic GC: Disabled
Heap:
 garbage-first heap   total 106496K, used 67698K [0x0000000080000000, 0x0000000100000000)
  region size 1024K, 45 young (46080K), 7 survivors (7168K)
 Metaspace       used 41877K, committed 42432K, reserved 1114112K
  class space    used 4655K, committed 4928K, reserved 1048576K
GC Heap History (20 events):
Event: 1.377 GC heap before
{Heap before GC invocations=0 (full 0):
 garbage-first heap   total 96256K, used 25600K [0x0000000080000000, 0x0000000100000000)
  region size 1024K, 23 young (23552K), 0 survivors (0K)
 Metaspace       used 7161K, committed 7296K, reserved 1114112K
  class space    used 561K, committed 640K, reserved 1048576K
}
Event: 1.388 GC heap after
{Heap after GC invocations=1 (full 0):
 garbage-first heap   total 96256K, used 13286K [0x0000000080000000, 0x0000000100000000)
  region size 1024K, 3 young (3072K), 3 survivors (3072K)
 Metaspace       used 7161K, committed 7296K, reserved 1114112K
  class space    used 561K, committed 640K, reserved 1048576K
}
Event: 2.950 GC heap before
{Heap before GC invocations=1 (full 0):
 garbage-first heap   total 96256K, used 33766K [0x0000000080000000, 0x0000000100000000)
  region size 1024K, 24 young (24576K), 3 survivors (3072K)
 Metaspace       used 12570K, committed 12800K, reserved 1114112K
  class space    used 1135K, committed 1280K, reserved 1048576K
}
Event: 2.955 GC heap after
{Heap after GC invocations=2 (full 0):
 garbage-first heap   total 96256K, used 15130K [0x0000000080000000, 0x0000000100000000)
  region size 1024K, 2 young (2048K), 2 survivors (2048K)
 Metaspace       used 12570K, committed 12800K, reserved 1114112K
  class space    used 1135K, committed 1280K, reserved 1048576K
}
Event: 3.718 GC heap before
{Heap before GC invocations=2 (full 0):
 garbage-first heap   total 96256K, used 45850K [0x0000000080000000, 0x0000000100000000)
  region size 1024K, 33 young (33792K), 2 survivors (2048K)
 Metaspace       used 16576K, committed 16832K, reserved 1114112K
  class space    used 1513K, committed 1664K, reserved 1048576K
}
Event: 3.726 GC heap after
{Heap after GC invocations=3 (full 0):
 garbage-first heap   total 96256K, used 18074K [0x0000000080000000, 0x0000000100000000)
  region size 1024K, 5 young (5120K), 5 survivors (5120K)
 Metaspace       used 16576K, committed 16832K, reserved 1114112K
  class space    used 1513K, committed 1664K, reserved 1048576K
}
Event: 4.389 GC heap before
{Heap before GC invocations=3 (full 0):
 garbage-first heap   total 96256K, used 61082K [0x0000000080000000, 0x0000000100000000)
  region size 1024K, 47 young (48128K), 5 survivors (5120K)
 Metaspace       used 20298K, committed 20544K, reserved 1114112K
  class space    used 2091K, committed 2240K, reserved 1048576K
}
Event: 4.400 GC heap after
{Heap after GC invocations=4 (full 0):
 garbage-first heap   total 96256K, used 19450K [0x0000000080000000, 0x0000000100000000)
  region size 1024K, 5 young (5120K), 5 survivors (5120K)
 Metaspace       used 20298K, committed 20544K, reserved 1114112K
  class space    used 2091K, committed 2240K, reserved 1048576K
}
Event: 4.710 GC heap before
{Heap before GC invocations=4 (full 0):
 garbage-first heap   total 96256K, used 50170K [0x0000000080000000, 0x0000000100000000)
  region size 1024K, 36 young (36864K), 5 survivors (5120K)
 Metaspace       used 21303K, committed 21504K, reserved 1114112K
  class space    used 2192K, committed 2304K, reserved 1048576K
}
Event: 4.718 GC heap after
{Heap after GC invocations=5 (full 0):
 garbage-first heap   total 96256K, used 19997K [0x0000000080000000, 0x0000000100000000)
  region size 1024K, 3 young (3072K), 3 survivors (3072K)
 Metaspace       used 21303K, committed 21504K, reserved 1114112K
  class space    used 2192K, committed 2304K, reserved 1048576K
}
Event: 6.253 GC heap before
{Heap before GC invocations=6 (full 0):
 garbage-first heap   total 75776K, used 61981K [0x0000000080000000, 0x0000000100000000)
  region size 1024K, 44 young (45056K), 3 survivors (3072K)
 Metaspace       used 29505K, committed 29824K, reserved 1114112K
  class space    used 3127K, committed 3264K, reserved 1048576K
}
Event: 6.267 GC heap after
{Heap after GC invocations=7 (full 0):
 garbage-first heap   total 75776K, used 23408K [0x0000000080000000, 0x0000000100000000)
  region size 1024K, 6 young (6144K), 6 survivors (6144K)
 Metaspace       used 29505K, committed 29824K, reserved 1114112K
  class space    used 3127K, committed 3264K, reserved 1048576K
}
Event: 6.269 GC heap before
{Heap before GC invocations=7 (full 0):
 garbage-first heap   total 75776K, used 24432K [0x0000000080000000, 0x0000000100000000)
  region size 1024K, 7 young (7168K), 6 survivors (6144K)
 Metaspace       used 29506K, committed 29824K, reserved 1114112K
  class space    used 3127K, committed 3264K, reserved 1048576K
}
Event: 6.280 GC heap after
{Heap after GC invocations=8 (full 0):
 garbage-first heap   total 75776K, used 23808K [0x0000000080000000, 0x0000000100000000)
  region size 1024K, 1 young (1024K), 1 survivors (1024K)
 Metaspace       used 29506K, committed 29824K, reserved 1114112K
  class space    used 3127K, committed 3264K, reserved 1048576K
}
Event: 6.415 GC heap before
{Heap before GC invocations=8 (full 0):
 garbage-first heap   total 75776K, used 56576K [0x0000000080000000, 0x0000000100000000)
  region size 1024K, 30 young (30720K), 1 survivors (1024K)
 Metaspace       used 30623K, committed 30976K, reserved 1114112K
  class space    used 3202K, committed 3392K, reserved 1048576K
}
Event: 6.418 GC heap after
{Heap after GC invocations=9 (full 0):
 garbage-first heap   total 199680K, used 23808K [0x0000000080000000, 0x0000000100000000)
  region size 1024K, 1 young (1024K), 1 survivors (1024K)
 Metaspace       used 30623K, committed 30976K, reserved 1114112K
  class space    used 3202K, committed 3392K, reserved 1048576K
}
Event: 7.491 GC heap before
{Heap before GC invocations=9 (full 0):
 garbage-first heap   total 199680K, used 142592K [0x0000000080000000, 0x0000000100000000)
  region size 1024K, 117 young (119808K), 1 survivors (1024K)
 Metaspace       used 33454K, committed 33984K, reserved 1114112K
  class space    used 3508K, committed 3776K, reserved 1048576K
}
Event: 7.497 GC heap after
{Heap after GC invocations=10 (full 0):
 garbage-first heap   total 199680K, used 27847K [0x0000000080000000, 0x0000000100000000)
  region size 1024K, 5 young (5120K), 5 survivors (5120K)
 Metaspace       used 33454K, committed 33984K, reserved 1114112K
  class space    used 3508K, committed 3776K, reserved 1048576K
}
Event: 7.980 GC heap before
{Heap before GC invocations=10 (full 0):
 garbage-first heap   total 199680K, used 56519K [0x0000000080000000, 0x0000000100000000)
  region size 1024K, 34 young (34816K), 5 survivors (5120K)
 Metaspace       used 35464K, committed 35968K, reserved 1114112K
  class space    used 3789K, committed 4032K, reserved 1048576K
}
Event: 7.986 GC heap after
{Heap after GC invocations=11 (full 0):
 garbage-first heap   total 199680K, used 29810K [0x0000000080000000, 0x0000000100000000)
  region size 1024K, 7 young (7168K), 7 survivors (7168K)
 Metaspace       used 35464K, committed 35968K, reserved 1114112K
  class space    used 3789K, committed 4032K, reserved 1048576K
}

