# JRE version: OpenJDK Runtime Environment Temurin-17.0.7+7 (17.0.7+7) (build 17.0.7+7)
# Java VM: OpenJDK 64-Bit Server VM Temurin-17.0.7+7 (17.0.7+7, mixed mode, tiered, compressed oops, compressed class ptrs, g1 gc, windows-amd64)
GC Precious Log:
 CPUs: 12 total, 12 available
 Memory: 6005M
 Large Page Support: Disabled
 NUMA Support: Disabled
 Compressed Oops: Enabled (32-bit)
 Heap Region Size: 1M
 Heap Min Capacity: 8M
 Heap Initial Capacity: 94M
 Heap Max Capacity: 2G
 Pre-touch: Disabled
 Parallel Workers: 10
 Concurrent Workers: 3
 Concurrent Refinement Workers: 10
 Periodic GC: Disabled
Heap:
 garbage-first heap   total 86016K, used 66008K [0x0000000080000000, 0x0000000100000000)
  region size 1024K, 40 young (40960K), 4 survivors (4096K)
 Metaspace       used 41649K, committed 42176K, reserved 1114112K
  class space    used 4635K, committed 4864K, reserved 1048576K
GC Heap History (20 events):
Event: 1.667 GC heap before
{Heap before GC invocations=1 (full 0):
 garbage-first heap   total 96256K, used 34232K [0x0000000080000000, 0x0000000100000000)
  region size 1024K, 24 young (24576K), 3 survivors (3072K)
 Metaspace       used 12581K, committed 12864K, reserved 1114112K
  class space    used 1139K, committed 1280K, reserved 1048576K
}
Event: 1.675 GC heap after
{Heap after GC invocations=2 (full 0):
 garbage-first heap   total 96256K, used 15350K [0x0000000080000000, 0x0000000100000000)
  region size 1024K, 2 young (2048K), 2 survivors (2048K)
 Metaspace       used 12581K, committed 12864K, reserved 1114112K
  class space    used 1139K, committed 1280K, reserved 1048576K
}
Event: 2.246 GC heap before
{Heap before GC invocations=2 (full 0):
 garbage-first heap   total 96256K, used 46070K [0x0000000080000000, 0x0000000100000000)
  region size 1024K, 33 young (33792K), 2 survivors (2048K)
 Metaspace       used 16557K, committed 16832K, reserved 1114112K
  class space    used 1512K, committed 1664K, reserved 1048576K
}
Event: 2.254 GC heap after
{Heap after GC invocations=3 (full 0):
 garbage-first heap   total 96256K, used 18212K [0x0000000080000000, 0x0000000100000000)
  region size 1024K, 5 young (5120K), 5 survivors (5120K)
 Metaspace       used 16557K, committed 16832K, reserved 1114112K
  class space    used 1512K, committed 1664K, reserved 1048576K
}
Event: 3.013 GC heap before
{Heap before GC invocations=3 (full 0):
 garbage-first heap   total 96256K, used 60196K [0x0000000080000000, 0x0000000100000000)
  region size 1024K, 46 young (47104K), 5 survivors (5120K)
 Metaspace       used 20278K, committed 20544K, reserved 1114112K
  class space    used 2090K, committed 2240K, reserved 1048576K
}
Event: 3.023 GC heap after
{Heap after GC invocations=4 (full 0):
 garbage-first heap   total 96256K, used 19775K [0x0000000080000000, 0x0000000100000000)
  region size 1024K, 5 young (5120K), 5 survivors (5120K)
 Metaspace       used 20278K, committed 20544K, reserved 1114112K
  class space    used 2090K, committed 2240K, reserved 1048576K
}
Event: 3.383 GC heap before
{Heap before GC invocations=4 (full 0):
 garbage-first heap   total 96256K, used 51519K [0x0000000080000000, 0x0000000100000000)
  region size 1024K, 37 young (37888K), 5 survivors (5120K)
 Metaspace       used 21298K, committed 21504K, reserved 1114112K
  class space    used 2193K, committed 2304K, reserved 1048576K
}
Event: 3.392 GC heap after
{Heap after GC invocations=5 (full 0):
 garbage-first heap   total 96256K, used 19874K [0x0000000080000000, 0x0000000100000000)
  region size 1024K, 2 young (2048K), 2 survivors (2048K)
 Metaspace       used 21298K, committed 21504K, reserved 1114112K
  class space    used 2193K, committed 2304K, reserved 1048576K
}
Event: 7.236 GC heap before
{Heap before GC invocations=6 (full 0):
 garbage-first heap   total 71680K, used 60834K [0x0000000080000000, 0x0000000100000000)
  region size 1024K, 42 young (43008K), 2 survivors (2048K)
 Metaspace       used 29460K, committed 29760K, reserved 1114112K
  class space    used 3127K, committed 3264K, reserved 1048576K
}
Event: 7.245 GC heap after
{Heap after GC invocations=7 (full 0):
 garbage-first heap   total 86016K, used 23675K [0x0000000080000000, 0x0000000100000000)
  region size 1024K, 6 young (6144K), 6 survivors (6144K)
 Metaspace       used 29460K, committed 29760K, reserved 1114112K
  class space    used 3127K, committed 3264K, reserved 1048576K
}
Event: 7.696 GC heap before
{Heap before GC invocations=7 (full 0):
 garbage-first heap   total 86016K, used 63611K [0x0000000080000000, 0x0000000100000000)
  region size 1024K, 43 young (44032K), 6 survivors (6144K)
 Metaspace       used 30584K, committed 30976K, reserved 1114112K
  class space    used 3201K, committed 3392K, reserved 1048576K
}
Event: 7.703 GC heap after
{Heap after GC invocations=8 (full 0):
 garbage-first heap   total 86016K, used 24533K [0x0000000080000000, 0x0000000100000000)
  region size 1024K, 1 young (1024K), 1 survivors (1024K)
 Metaspace       used 30584K, committed 30976K, reserved 1114112K
  class space    used 3201K, committed 3392K, reserved 1048576K
}
Event: 8.665 GC heap before
{Heap before GC invocations=8 (full 0):
 garbage-first heap   total 86016K, used 64469K [0x0000000080000000, 0x0000000100000000)
  region size 1024K, 40 young (40960K), 1 survivors (1024K)
 Metaspace       used 32534K, committed 32896K, reserved 1114112K
  class space    used 3424K, committed 3584K, reserved 1048576K
}
Event: 8.668 GC heap after
{Heap after GC invocations=9 (full 0):
 garbage-first heap   total 86016K, used 25035K [0x0000000080000000, 0x0000000100000000)
  region size 1024K, 2 young (2048K), 2 survivors (2048K)
 Metaspace       used 32534K, committed 32896K, reserved 1114112K
  class space    used 3424K, committed 3584K, reserved 1048576K
}
Event: 9.208 GC heap before
{Heap before GC invocations=9 (full 0):
 garbage-first heap   total 86016K, used 64971K [0x0000000080000000, 0x0000000100000000)
  region size 1024K, 41 young (41984K), 2 survivors (2048K)
 Metaspace       used 33007K, committed 33472K, reserved 1114112K
  class space    used 3469K, committed 3712K, reserved 1048576K
}
Event: 9.213 GC heap after
{Heap after GC invocations=10 (full 0):
 garbage-first heap   total 86016K, used 26426K [0x0000000080000000, 0x0000000100000000)
  region size 1024K, 3 young (3072K), 3 survivors (3072K)
 Metaspace       used 33007K, committed 33472K, reserved 1114112K
  class space    used 3469K, committed 3712K, reserved 1048576K
}
Event: 9.503 GC heap before
{Heap before GC invocations=10 (full 0):
 garbage-first heap   total 86016K, used 66362K [0x0000000080000000, 0x0000000100000000)
  region size 1024K, 42 young (43008K), 3 survivors (3072K)
 Metaspace       used 33460K, committed 33984K, reserved 1114112K
  class space    used 3511K, committed 3776K, reserved 1048576K
}
Event: 9.509 GC heap after
{Heap after GC invocations=11 (full 0):
 garbage-first heap   total 86016K, used 28369K [0x0000000080000000, 0x0000000100000000)
  region size 1024K, 5 young (5120K), 5 survivors (5120K)
 Metaspace       used 33460K, committed 33984K, reserved 1114112K
  class space    used 3511K, committed 3776K, reserved 1048576K
}
Event: 10.270 GC heap before
{Heap before GC invocations=11 (full 0):
 garbage-first heap   total 86016K, used 50897K [0x0000000080000000, 0x0000000100000000)
  region size 1024K, 28 young (28672K), 5 survivors (5120K)
 Metaspace       used 35506K, committed 35968K, reserved 1114112K
  class space    used 3800K, committed 4032K, reserved 1048576K
}
Event: 10.277 GC heap after
{Heap after GC invocations=12 (full 0):
 garbage-first heap   total 86016K, used 30168K [0x0000000080000000, 0x0000000100000000)
  region size 1024K, 4 young (4096K), 4 survivors (4096K)
 Metaspace       used 35506K, committed 35968K, reserved 1114112K
  class space    used 3800K, committed 4032K, reserved 1048576K
}

